# JRE version: Java(TM) SE Runtime Environment (8.0_271-b09) (build 1.8.0_271-b09)
# Java VM: Java HotSpot(TM) 64-Bit Server VM (25.271-b09 mixed mode windows-amd64 compressed oops)
Heap:
 PSYoungGen      total 885760K, used 2383K [0x000000076af00000, 0x00000007a5980000, 0x00000007c0000000)
  eden space 849408K, 0% used [0x000000076af00000,0x000000076af00000,0x000000079ec80000)
  from space 36352K, 6% used [0x00000007a3600000,0x00000007a3853ed0,0x00000007a5980000)
  to   space 55808K, 0% used [0x000000079ec80000,0x000000079ec80000,0x00000007a2300000)
 ParOldGen       total 241664K, used 235655K [0x00000006c0c00000, 0x00000006cf800000, 0x000000076af00000)
  object space 241664K, 97% used [0x00000006c0c00000,0x00000006cf221e00,0x00000006cf800000)
 Metaspace       used 55962K, capacity 58614K, committed 58968K, reserved 1099776K
  class space    used 6953K, capacity 7949K, committed 8064K, reserved 1048576K
GC Heap History (10 events):
Event: 6.995 GC heap after
Heap after GC invocations=18 (full 2):
 PSYoungGen      total 586752K, used 5344K [0x000000076af00000, 0x0000000790b00000, 0x00000007c0000000)
  eden space 555520K, 0% used [0x000000076af00000,0x000000076af00000,0x000000078cd80000)
  from space 31232K, 17% used [0x000000078eb00000,0x000000078f038000,0x0000000790980000)
  to   space 30208K, 0% used [0x000000078cd80000,0x000000078cd80000,0x000000078eb00000)
 ParOldGen       total 241664K, used 142592K [0x00000006c0c00000, 0x00000006cf800000, 0x000000076af00000)
  object space 241664K, 59% used [0x00000006c0c00000,0x00000006c9740300,0x00000006cf800000)
 Metaspace       used 42407K, capacity 44810K, committed 45144K, reserved 1087488K
  class space    used 5263K, capacity 6213K, committed 6272K, reserved 1048576K
}
Event: 7.043 GC heap before
{Heap before GC invocations=19 (full 2):
 PSYoungGen      total 586752K, used 560864K [0x000000076af00000, 0x0000000790b00000, 0x00000007c0000000)
  eden space 555520K, 100% used [0x000000076af00000,0x000000078cd80000,0x000000078cd80000)
  from space 31232K, 17% used [0x000000078eb00000,0x000000078f038000,0x0000000790980000)
  to   space 30208K, 0% used [0x000000078cd80000,0x000000078cd80000,0x000000078eb00000)
 ParOldGen       total 241664K, used 142592K [0x00000006c0c00000, 0x00000006cf800000, 0x000000076af00000)
  object space 241664K, 59% used [0x00000006c0c00000,0x00000006c9740300,0x00000006cf800000)
 Metaspace       used 42413K, capacity 44810K, committed 45144K, reserved 1087488K
  class space    used 5263K, capacity 6213K, committed 6272K, reserved 1048576K
Event: 7.048 GC heap after
Heap after GC invocations=19 (full 2):
 PSYoungGen      total 585728K, used 544K [0x000000076af00000, 0x0000000799e00000, 0x00000007c0000000)
  eden space 555520K, 0% used [0x000000076af00000,0x000000076af00000,0x000000078cd80000)
  from space 30208K, 1% used [0x000000078cd80000,0x000000078ce08000,0x000000078eb00000)
  to   space 30208K, 0% used [0x0000000798080000,0x0000000798080000,0x0000000799e00000)
 ParOldGen       total 241664K, used 147576K [0x00000006c0c00000, 0x00000006cf800000, 0x000000076af00000)
  object space 241664K, 61% used [0x00000006c0c00000,0x00000006c9c1e300,0x00000006cf800000)
 Metaspace       used 42413K, capacity 44810K, committed 45144K, reserved 1087488K
  class space    used 5263K, capacity 6213K, committed 6272K, reserved 1048576K
}
Event: 7.365 GC heap before
{Heap before GC invocations=20 (full 2):
 PSYoungGen      total 585728K, used 542237K [0x000000076af00000, 0x0000000799e00000, 0x00000007c0000000)
  eden space 555520K, 97% used [0x000000076af00000,0x000000078bfff778,0x000000078cd80000)
  from space 30208K, 1% used [0x000000078cd80000,0x000000078ce08000,0x000000078eb00000)
  to   space 30208K, 0% used [0x0000000798080000,0x0000000798080000,0x0000000799e00000)
 ParOldGen       total 241664K, used 147576K [0x00000006c0c00000, 0x00000006cf800000, 0x000000076af00000)
  object space 241664K, 61% used [0x00000006c0c00000,0x00000006c9c1e300,0x00000006cf800000)
 Metaspace       used 42778K, capacity 45226K, committed 45400K, reserved 1089536K
  class space    used 5298K, capacity 6245K, committed 6272K, reserved 1048576K
Event: 7.386 GC heap after
Heap after GC invocations=20 (full 2):
 PSYoungGen      total 720896K, used 30198K [0x000000076af00000, 0x000000079c400000, 0x00000007c0000000)
  eden space 690688K, 0% used [0x000000076af00000,0x000000076af00000,0x0000000795180000)
  from space 30208K, 99% used [0x0000000798080000,0x0000000799dfdad0,0x0000000799e00000)
  to   space 48128K, 0% used [0x0000000795180000,0x0000000795180000,0x0000000798080000)
 ParOldGen       total 241664K, used 181241K [0x00000006c0c00000, 0x00000006cf800000, 0x000000076af00000)
  object space 241664K, 74% used [0x00000006c0c00000,0x00000006cbcfe698,0x00000006cf800000)
 Metaspace       used 42778K, capacity 45226K, committed 45400K, reserved 1089536K
  class space    used 5298K, capacity 6245K, committed 6272K, reserved 1048576K
}
Event: 35.903 GC heap before
{Heap before GC invocations=21 (full 2):
 PSYoungGen      total 720896K, used 720886K [0x000000076af00000, 0x000000079c400000, 0x00000007c0000000)
  eden space 690688K, 100% used [0x000000076af00000,0x0000000795180000,0x0000000795180000)
  from space 30208K, 99% used [0x0000000798080000,0x0000000799dfdad0,0x0000000799e00000)
  to   space 48128K, 0% used [0x0000000795180000,0x0000000795180000,0x0000000798080000)
 ParOldGen       total 241664K, used 181241K [0x00000006c0c00000, 0x00000006cf800000, 0x000000076af00000)
  object space 241664K, 74% used [0x00000006c0c00000,0x00000006cbcfe698,0x00000006cf800000)
 Metaspace       used 53469K, capacity 56060K, committed 56536K, reserved 1097728K
  class space    used 6638K, capacity 7616K, committed 7680K, reserved 1048576K
Event: 35.922 GC heap after
Heap after GC invocations=21 (full 2):
 PSYoungGen      total 738816K, used 47087K [0x000000076af00000, 0x00000007a6d80000, 0x00000007c0000000)
  eden space 690688K, 0% used [0x000000076af00000,0x000000076af00000,0x0000000795180000)
  from space 48128K, 97% used [0x0000000795180000,0x0000000797f7beb0,0x0000000798080000)
  to   space 56832K, 0% used [0x00000007a3600000,0x00000007a3600000,0x00000007a6d80000)
 ParOldGen       total 241664K, used 194363K [0x00000006c0c00000, 0x00000006cf800000, 0x000000076af00000)
  object space 241664K, 80% used [0x00000006c0c00000,0x00000006cc9ced90,0x00000006cf800000)
 Metaspace       used 53469K, capacity 56060K, committed 56536K, reserved 1097728K
  class space    used 6638K, capacity 7616K, committed 7680K, reserved 1048576K
}
Event: 43.423 GC heap before
{Heap before GC invocations=22 (full 2):
 PSYoungGen      total 738816K, used 95323K [0x000000076af00000, 0x00000007a6d80000, 0x00000007c0000000)
  eden space 690688K, 6% used [0x000000076af00000,0x000000076de1b110,0x0000000795180000)
  from space 48128K, 97% used [0x0000000795180000,0x0000000797f7beb0,0x0000000798080000)
  to   space 56832K, 0% used [0x00000007a3600000,0x00000007a3600000,0x00000007a6d80000)
 ParOldGen       total 241664K, used 194363K [0x00000006c0c00000, 0x00000006cf800000, 0x000000076af00000)
  object space 241664K, 80% used [0x00000006c0c00000,0x00000006cc9ced90,0x00000006cf800000)
 Metaspace       used 55962K, capacity 58614K, committed 58968K, reserved 1099776K
  class space    used 6953K, capacity 7949K, committed 8064K, reserved 1048576K
Event: 43.436 GC heap after
Heap after GC invocations=22 (full 2):
 PSYoungGen      total 885760K, used 2383K [0x000000076af00000, 0x00000007a5980000, 0x00000007c0000000)
  eden space 849408K, 0% used [0x000000076af00000,0x000000076af00000,0x000000079ec80000)
  from space 36352K, 6% used [0x00000007a3600000,0x00000007a3853ed0,0x00000007a5980000)
  to   space 55808K, 0% used [0x000000079ec80000,0x000000079ec80000,0x00000007a2300000)
 ParOldGen       total 241664K, used 235655K [0x00000006c0c00000, 0x00000006cf800000, 0x000000076af00000)
  object space 241664K, 97% used [0x00000006c0c00000,0x00000006cf221e00,0x00000006cf800000)
 Metaspace       used 55962K, capacity 58614K, committed 58968K, reserved 1099776K
  class space    used 6953K, capacity 7949K, committed 8064K, reserved 1048576K
}
Event: 43.436 GC heap before
{Heap before GC invocations=23 (full 3):
 PSYoungGen      total 885760K, used 2383K [0x000000076af00000, 0x00000007a5980000, 0x00000007c0000000)
  eden space 849408K, 0% used [0x000000076af00000,0x000000076af00000,0x000000079ec80000)
  from space 36352K, 6% used [0x00000007a3600000,0x00000007a3853ed0,0x00000007a5980000)
  to   space 55808K, 0% used [0x000000079ec80000,0x000000079ec80000,0x00000007a2300000)
 ParOldGen       total 241664K, used 235655K [0x00000006c0c00000, 0x00000006cf800000, 0x000000076af00000)
  object space 241664K, 97% used [0x00000006c0c00000,0x00000006cf221e00,0x00000006cf800000)
 Metaspace       used 55962K, capacity 58614K, committed 58968K, reserved 1099776K
  class space    used 6953K, capacity 7949K, committed 8064K, reserved 1048576K

